{"C:\\Users\\Tobi Adegunloye\\Documents\\GitHub\\TDD-Learning\\Bowling Game (TDD)\\lib\\game.js": {"path":"C:\\Users\\Tobi Adegunloye\\Documents\\GitHub\\TDD-Learning\\Bowling Game (TDD)\\lib\\game.js","statementMap":{"0":{"start":{"line":3,"column":0},"end":{"line":5,"column":3}},"1":{"start":{"line":6,"column":0},"end":{"line":6,"column":25}},"2":{"start":{"line":10,"column":4},"end":{"line":10,"column":39}},"3":{"start":{"line":11,"column":4},"end":{"line":11,"column":25}},"4":{"start":{"line":15,"column":16},"end":{"line":15,"column":17}},"5":{"start":{"line":16,"column":21},"end":{"line":16,"column":22}},"6":{"start":{"line":18,"column":4},"end":{"line":26,"column":5}},"7":{"start":{"line":18,"column":21},"end":{"line":18,"column":22}},"8":{"start":{"line":19,"column":6},"end":{"line":23,"column":7}},"9":{"start":{"line":20,"column":8},"end":{"line":20,"column":49}},"10":{"start":{"line":22,"column":8},"end":{"line":22,"column":69}},"11":{"start":{"line":25,"column":6},"end":{"line":25,"column":22}},"12":{"start":{"line":28,"column":4},"end":{"line":28,"column":17}},"13":{"start":{"line":32,"column":21},"end":{"line":32,"column":90}},"14":{"start":{"line":33,"column":4},"end":{"line":33,"column":65}},"15":{"start":{"line":37,"column":4},"end":{"line":37,"column":42}},"16":{"start":{"line":42,"column":15},"end":{"line":42,"column":19}},"17":{"start":{"line":43,"column":0},"end":{"line":43,"column":27}}},"fnMap":{"0":{"name":"(anonymous_0)","decl":{"start":{"line":9,"column":2},"end":{"line":9,"column":3}},"loc":{"start":{"line":9,"column":16},"end":{"line":12,"column":3}},"line":9},"1":{"name":"(anonymous_1)","decl":{"start":{"line":14,"column":2},"end":{"line":14,"column":3}},"loc":{"start":{"line":14,"column":14},"end":{"line":29,"column":3}},"line":14},"2":{"name":"(anonymous_2)","decl":{"start":{"line":31,"column":2},"end":{"line":31,"column":3}},"loc":{"start":{"line":31,"column":12},"end":{"line":34,"column":3}},"line":31},"3":{"name":"(anonymous_3)","decl":{"start":{"line":36,"column":2},"end":{"line":36,"column":3}},"loc":{"start":{"line":36,"column":13},"end":{"line":38,"column":3}},"line":36}},"branchMap":{"0":{"loc":{"start":{"line":19,"column":6},"end":{"line":23,"column":7}},"type":"if","locations":[{"start":{"line":19,"column":6},"end":{"line":23,"column":7}},{"start":{"line":21,"column":13},"end":{"line":23,"column":7}}],"line":19},"1":{"loc":{"start":{"line":32,"column":21},"end":{"line":32,"column":90}},"type":"cond-expr","locations":[{"start":{"line":32,"column":74},"end":{"line":32,"column":86}},{"start":{"line":32,"column":89},"end":{"line":32,"column":90}}],"line":32},"2":{"loc":{"start":{"line":32,"column":21},"end":{"line":32,"column":71}},"type":"binary-expr","locations":[{"start":{"line":32,"column":21},"end":{"line":32,"column":41}},{"start":{"line":32,"column":45},"end":{"line":32,"column":71}}],"line":32}},"s":{"0":1,"1":1,"2":3,"3":3,"4":3,"5":3,"6":3,"7":3,"8":30,"9":1,"10":29,"11":30,"12":3,"13":30,"14":30,"15":60,"16":1,"17":1},"f":{"0":3,"1":3,"2":30,"3":60},"b":{"0":[1,29],"1":[30,0],"2":[30,30]},"_coverageSchema":"1a1c01bbd47fc00a2c39e90264f33305004495a9","hash":"68b57a6a9367b2e2d83b94f100e59e108f85abf1"}
}
