{"C:\\Users\\Tobi Adegunloye\\Documents\\GitHub\\TDD-Learning\\Bowling Game (TDD)\\lib\\game.js": {"path":"C:\\Users\\Tobi Adegunloye\\Documents\\GitHub\\TDD-Learning\\Bowling Game (TDD)\\lib\\game.js","statementMap":{"0":{"start":{"line":3,"column":0},"end":{"line":5,"column":3}},"1":{"start":{"line":6,"column":0},"end":{"line":6,"column":25}},"2":{"start":{"line":10,"column":4},"end":{"line":10,"column":39}},"3":{"start":{"line":11,"column":4},"end":{"line":11,"column":25}},"4":{"start":{"line":15,"column":16},"end":{"line":15,"column":17}},"5":{"start":{"line":16,"column":21},"end":{"line":16,"column":22}},"6":{"start":{"line":18,"column":4},"end":{"line":29,"column":5}},"7":{"start":{"line":18,"column":21},"end":{"line":18,"column":22}},"8":{"start":{"line":19,"column":6},"end":{"line":26,"column":7}},"9":{"start":{"line":20,"column":8},"end":{"line":20,"column":78}},"10":{"start":{"line":21,"column":8},"end":{"line":21,"column":21}},"11":{"start":{"line":22,"column":13},"end":{"line":26,"column":7}},"12":{"start":{"line":23,"column":8},"end":{"line":23,"column":49}},"13":{"start":{"line":25,"column":8},"end":{"line":25,"column":69}},"14":{"start":{"line":28,"column":6},"end":{"line":28,"column":22}},"15":{"start":{"line":31,"column":4},"end":{"line":31,"column":17}},"16":{"start":{"line":35,"column":21},"end":{"line":35,"column":90}},"17":{"start":{"line":36,"column":4},"end":{"line":36,"column":65}},"18":{"start":{"line":40,"column":4},"end":{"line":40,"column":42}},"19":{"start":{"line":45,"column":15},"end":{"line":45,"column":19}},"20":{"start":{"line":46,"column":0},"end":{"line":46,"column":27}}},"fnMap":{"0":{"name":"(anonymous_0)","decl":{"start":{"line":9,"column":2},"end":{"line":9,"column":3}},"loc":{"start":{"line":9,"column":16},"end":{"line":12,"column":3}},"line":9},"1":{"name":"(anonymous_1)","decl":{"start":{"line":14,"column":2},"end":{"line":14,"column":3}},"loc":{"start":{"line":14,"column":14},"end":{"line":32,"column":3}},"line":14},"2":{"name":"(anonymous_2)","decl":{"start":{"line":34,"column":2},"end":{"line":34,"column":3}},"loc":{"start":{"line":34,"column":12},"end":{"line":37,"column":3}},"line":34},"3":{"name":"(anonymous_3)","decl":{"start":{"line":39,"column":2},"end":{"line":39,"column":3}},"loc":{"start":{"line":39,"column":13},"end":{"line":41,"column":3}},"line":39}},"branchMap":{"0":{"loc":{"start":{"line":19,"column":6},"end":{"line":26,"column":7}},"type":"if","locations":[{"start":{"line":19,"column":6},"end":{"line":26,"column":7}},{"start":{"line":22,"column":13},"end":{"line":26,"column":7}}],"line":19},"1":{"loc":{"start":{"line":22,"column":13},"end":{"line":26,"column":7}},"type":"if","locations":[{"start":{"line":22,"column":13},"end":{"line":26,"column":7}},{"start":{"line":24,"column":13},"end":{"line":26,"column":7}}],"line":22},"2":{"loc":{"start":{"line":35,"column":21},"end":{"line":35,"column":90}},"type":"cond-expr","locations":[{"start":{"line":35,"column":74},"end":{"line":35,"column":86}},{"start":{"line":35,"column":89},"end":{"line":35,"column":90}}],"line":35},"3":{"loc":{"start":{"line":35,"column":21},"end":{"line":35,"column":71}},"type":"binary-expr","locations":[{"start":{"line":35,"column":21},"end":{"line":35,"column":41}},{"start":{"line":35,"column":45},"end":{"line":35,"column":71}}],"line":35}},"s":{"0":1,"1":1,"2":5,"3":5,"4":5,"5":5,"6":5,"7":5,"8":50,"9":11,"10":11,"11":39,"12":1,"13":38,"14":50,"15":5,"16":39,"17":39,"18":91,"19":1,"20":1},"f":{"0":5,"1":5,"2":39,"3":91},"b":{"0":[11,39],"1":[1,38],"2":[39,0],"3":[39,39]},"_coverageSchema":"1a1c01bbd47fc00a2c39e90264f33305004495a9","hash":"9e306ab733b178c45a77dd011e77e1f489201086"}
}
