TN:
SF:lib\game.js
FN:9,(anonymous_0)
FN:14,(anonymous_1)
FN:34,(anonymous_2)
FN:39,(anonymous_3)
FNF:4
FNH:4
FNDA:5,(anonymous_0)
FNDA:5,(anonymous_1)
FNDA:39,(anonymous_2)
FNDA:91,(anonymous_3)
DA:3,1
DA:6,1
DA:10,5
DA:11,5
DA:15,5
DA:16,5
DA:18,5
DA:19,50
DA:20,11
DA:21,11
DA:22,39
DA:23,1
DA:25,38
DA:28,50
DA:31,5
DA:35,39
DA:36,39
DA:40,91
DA:45,1
DA:46,1
LF:20
LH:20
BRDA:19,0,0,11
BRDA:19,0,1,39
BRDA:22,1,0,1
BRDA:22,1,1,38
BRDA:35,2,0,39
BRDA:35,2,1,0
BRDA:35,3,0,39
BRDA:35,3,1,39
BRF:8
BRH:7
end_of_record
